# JRE version: OpenJDK Runtime Environment (21.0.5+11) (build 21.0.5+11-Ubuntu-1ubuntu124.10)
# Java VM: OpenJDK 64-Bit Server VM (21.0.5+11-Ubuntu-1ubuntu124.10, mixed mode, sharing, tiered, compressed oops, compressed class ptrs, g1 gc, linux-amd64)
GC Precious Log:
 CardTable entry size: 512
 Card Set container configuration: InlinePtr #cards 5 size 8 Array Of Cards #cards 12 size 40 Howl #buckets 4 coarsen threshold 1843 Howl Bitmap #cards 512 size 80 coarsen threshold 460 Card regions per heap region 1 cards per card region 2048
 CPUs: 32 total, 32 available
 Memory: 123G
 Large Page Support: Disabled
 NUMA Support: Disabled
 Compressed Oops: Enabled (32-bit)
 Heap Region Size: 1M
 Heap Min Capacity: 8M
 Heap Initial Capacity: 1974M
 Heap Max Capacity: 2G
 Pre-touch: Disabled
 Parallel Workers: 23
 Concurrent Workers: 6
 Concurrent Refinement Workers: 23
 Periodic GC: Disabled
Heap:
 garbage-first heap   total 215040K, used 168149K [0x0000000080000000, 0x0000000100000000)
  region size 1024K, 55 young (56320K), 6 survivors (6144K)
 Metaspace       used 87333K, committed 89856K, reserved 1179648K
  class space    used 11505K, committed 12864K, reserved 1048576K
GC Heap History (20 events):
Event: 224.329 GC heap before
{Heap before GC invocations=28 (full 0):
 garbage-first heap   total 208896K, used 178684K [0x0000000080000000, 0x0000000100000000)
  region size 1024K, 71 young (72704K), 10 survivors (10240K)
 Metaspace       used 86219K, committed 88448K, reserved 1179648K
  class space    used 11377K, committed 12608K, reserved 1048576K
}
Event: 224.331 GC heap after
{Heap after GC invocations=29 (full 0):
 garbage-first heap   total 208896K, used 122774K [0x0000000080000000, 0x0000000100000000)
  region size 1024K, 5 young (5120K), 5 survivors (5120K)
 Metaspace       used 86219K, committed 88448K, reserved 1179648K
  class space    used 11377K, committed 12608K, reserved 1048576K
}
Event: 225.001 GC heap before
{Heap before GC invocations=29 (full 0):
 garbage-first heap   total 208896K, used 190358K [0x0000000080000000, 0x0000000100000000)
  region size 1024K, 72 young (73728K), 5 survivors (5120K)
 Metaspace       used 86417K, committed 88768K, reserved 1179648K
  class space    used 11395K, committed 12672K, reserved 1048576K
}
Event: 225.003 GC heap after
{Heap after GC invocations=30 (full 0):
 garbage-first heap   total 208896K, used 113240K [0x0000000080000000, 0x0000000100000000)
  region size 1024K, 9 young (9216K), 9 survivors (9216K)
 Metaspace       used 86417K, committed 88768K, reserved 1179648K
  class space    used 11395K, committed 12672K, reserved 1048576K
}
Event: 225.063 GC heap before
{Heap before GC invocations=30 (full 0):
 garbage-first heap   total 208896K, used 186968K [0x0000000080000000, 0x0000000100000000)
  region size 1024K, 82 young (83968K), 9 survivors (9216K)
 Metaspace       used 86467K, committed 88768K, reserved 1179648K
  class space    used 11395K, committed 12672K, reserved 1048576K
}
Event: 225.066 GC heap after
{Heap after GC invocations=31 (full 0):
 garbage-first heap   total 208896K, used 119802K [0x0000000080000000, 0x0000000100000000)
  region size 1024K, 7 young (7168K), 7 survivors (7168K)
 Metaspace       used 86467K, committed 88768K, reserved 1179648K
  class space    used 11395K, committed 12672K, reserved 1048576K
}
Event: 225.758 GC heap before
{Heap before GC invocations=32 (full 0):
 garbage-first heap   total 208896K, used 188410K [0x0000000080000000, 0x0000000100000000)
  region size 1024K, 75 young (76800K), 7 survivors (7168K)
 Metaspace       used 86732K, committed 89152K, reserved 1179648K
  class space    used 11436K, committed 12736K, reserved 1048576K
}
Event: 225.760 GC heap after
{Heap after GC invocations=33 (full 0):
 garbage-first heap   total 208896K, used 123439K [0x0000000080000000, 0x0000000100000000)
  region size 1024K, 7 young (7168K), 7 survivors (7168K)
 Metaspace       used 86732K, committed 89152K, reserved 1179648K
  class space    used 11436K, committed 12736K, reserved 1048576K
}
Event: 225.811 GC heap before
{Heap before GC invocations=33 (full 0):
 garbage-first heap   total 208896K, used 188975K [0x0000000080000000, 0x0000000100000000)
  region size 1024K, 72 young (73728K), 7 survivors (7168K)
 Metaspace       used 86846K, committed 89280K, reserved 1179648K
  class space    used 11450K, committed 12800K, reserved 1048576K
}
Event: 225.815 GC heap after
{Heap after GC invocations=34 (full 0):
 garbage-first heap   total 215040K, used 118098K [0x0000000080000000, 0x0000000100000000)
  region size 1024K, 9 young (9216K), 9 survivors (9216K)
 Metaspace       used 86846K, committed 89280K, reserved 1179648K
  class space    used 11450K, committed 12800K, reserved 1048576K
}
Event: 226.536 GC heap before
{Heap before GC invocations=34 (full 0):
 garbage-first heap   total 215040K, used 191826K [0x0000000080000000, 0x0000000100000000)
  region size 1024K, 82 young (83968K), 9 survivors (9216K)
 Metaspace       used 86891K, committed 89344K, reserved 1179648K
  class space    used 11452K, committed 12800K, reserved 1048576K
}
Event: 226.539 GC heap after
{Heap after GC invocations=35 (full 0):
 garbage-first heap   total 215040K, used 119725K [0x0000000080000000, 0x0000000100000000)
  region size 1024K, 6 young (6144K), 6 survivors (6144K)
 Metaspace       used 86891K, committed 89344K, reserved 1179648K
  class space    used 11452K, committed 12800K, reserved 1048576K
}
Event: 226.588 GC heap before
{Heap before GC invocations=35 (full 0):
 garbage-first heap   total 215040K, used 194477K [0x0000000080000000, 0x0000000100000000)
  region size 1024K, 80 young (81920K), 6 survivors (6144K)
 Metaspace       used 86956K, committed 89408K, reserved 1179648K
  class space    used 11456K, committed 12800K, reserved 1048576K
}
Event: 226.590 GC heap after
{Heap after GC invocations=36 (full 0):
 garbage-first heap   total 215040K, used 127505K [0x0000000080000000, 0x0000000100000000)
  region size 1024K, 10 young (10240K), 10 survivors (10240K)
 Metaspace       used 86956K, committed 89408K, reserved 1179648K
  class space    used 11456K, committed 12800K, reserved 1048576K
}
Event: 227.296 GC heap before
{Heap before GC invocations=37 (full 0):
 garbage-first heap   total 215040K, used 190993K [0x0000000080000000, 0x0000000100000000)
  region size 1024K, 73 young (74752K), 10 survivors (10240K)
 Metaspace       used 87026K, committed 89408K, reserved 1179648K
  class space    used 11464K, committed 12800K, reserved 1048576K
}
Event: 227.300 GC heap after
{Heap after GC invocations=38 (full 0):
 garbage-first heap   total 215040K, used 127796K [0x0000000080000000, 0x0000000100000000)
  region size 1024K, 6 young (6144K), 6 survivors (6144K)
 Metaspace       used 87026K, committed 89408K, reserved 1179648K
  class space    used 11464K, committed 12800K, reserved 1048576K
}
Event: 227.337 GC heap before
{Heap before GC invocations=38 (full 0):
 garbage-first heap   total 215040K, used 194356K [0x0000000080000000, 0x0000000100000000)
  region size 1024K, 72 young (73728K), 6 survivors (6144K)
 Metaspace       used 87216K, committed 89664K, reserved 1179648K
  class space    used 11497K, committed 12864K, reserved 1048576K
}
Event: 227.339 GC heap after
{Heap after GC invocations=39 (full 0):
 garbage-first heap   total 215040K, used 114420K [0x0000000080000000, 0x0000000100000000)
  region size 1024K, 9 young (9216K), 9 survivors (9216K)
 Metaspace       used 87216K, committed 89664K, reserved 1179648K
  class space    used 11497K, committed 12864K, reserved 1048576K
}
Event: 227.460 GC heap before
{Heap before GC invocations=39 (full 0):
 garbage-first heap   total 215040K, used 192244K [0x0000000080000000, 0x0000000100000000)
  region size 1024K, 86 young (88064K), 9 survivors (9216K)
 Metaspace       used 87254K, committed 89792K, reserved 1179648K
  class space    used 11498K, committed 12864K, reserved 1048576K
}
Event: 227.463 GC heap after
{Heap after GC invocations=40 (full 0):
 garbage-first heap   total 215040K, used 118997K [0x0000000080000000, 0x0000000100000000)
  region size 1024K, 6 young (6144K), 6 survivors (6144K)
 Metaspace       used 87254K, committed 89792K, reserved 1179648K
  class space    used 11498K, committed 12864K, reserved 1048576K
}

